2020-08-21 10:36:41 ERROR [Class:c.a.d.f.FilterManager->Thread:main] load filter error, filter not found : logback 
2020-08-21 10:36:48 ERROR [Class:o.s.b.SpringApplication->Thread:main] Application startup failed 
org.springframework.beans.factory.BeanCreationException: Error creating bean with name 'cronJob' defined in class path resource [com/viveco/core/quartz/QuartzConfig.class]: Invocation of init method failed; nested exception is java.text.ParseException: '?' can only be specfied for Day-of-Month or Day-of-Week.
	at org.springframework.beans.factory.support.AbstractAutowireCapableBeanFactory.initializeBean(AbstractAutowireCapableBeanFactory.java:1628)
	at org.springframework.beans.factory.support.AbstractAutowireCapableBeanFactory.doCreateBean(AbstractAutowireCapableBeanFactory.java:555)
	at org.springframework.beans.factory.support.AbstractAutowireCapableBeanFactory.createBean(AbstractAutowireCapableBeanFactory.java:483)
	at org.springframework.beans.factory.support.AbstractBeanFactory$1.getObject(AbstractBeanFactory.java:306)
	at org.springframework.beans.factory.support.DefaultSingletonBeanRegistry.getSingleton(DefaultSingletonBeanRegistry.java:230)
	at org.springframework.beans.factory.support.AbstractBeanFactory.doGetBean(AbstractBeanFactory.java:302)
	at org.springframework.beans.factory.support.AbstractBeanFactory.getBean(AbstractBeanFactory.java:197)
	at org.springframework.beans.factory.support.DefaultListableBeanFactory.preInstantiateSingletons(DefaultListableBeanFactory.java:742)
	at org.springframework.context.support.AbstractApplicationContext.finishBeanFactoryInitialization(AbstractApplicationContext.java:867)
	at org.springframework.context.support.AbstractApplicationContext.refresh(AbstractApplicationContext.java:543)
	at org.springframework.boot.context.embedded.EmbeddedWebApplicationContext.refresh(EmbeddedWebApplicationContext.java:122)
	at org.springframework.boot.SpringApplication.refresh(SpringApplication.java:693)
	at org.springframework.boot.SpringApplication.refreshContext(SpringApplication.java:360)
	at org.springframework.boot.SpringApplication.run(SpringApplication.java:303)
	at org.springframework.boot.SpringApplication.run(SpringApplication.java:1118)
	at org.springframework.boot.SpringApplication.run(SpringApplication.java:1107)
	at com.viveco.WebplusApplication.main(WebplusApplication.java:29)
Caused by: java.text.ParseException: '?' can only be specfied for Day-of-Month or Day-of-Week.
	at org.quartz.CronExpression.storeExpressionVals(CronExpression.java:585)
	at org.quartz.CronExpression.buildExpression(CronExpression.java:463)
	at org.quartz.CronExpression.<init>(CronExpression.java:276)
	at org.quartz.impl.triggers.CronTriggerImpl.setCronExpression(CronTriggerImpl.java:347)
	at org.springframework.scheduling.quartz.CronTriggerFactoryBean.afterPropertiesSet(CronTriggerFactoryBean.java:245)
	at org.springframework.beans.factory.support.AbstractAutowireCapableBeanFactory.invokeInitMethods(AbstractAutowireCapableBeanFactory.java:1687)
	at org.springframework.beans.factory.support.AbstractAutowireCapableBeanFactory.initializeBean(AbstractAutowireCapableBeanFactory.java:1624)
	... 16 common frames omitted
2020-08-21 10:39:19 ERROR [Class:c.a.d.f.FilterManager->Thread:main] load filter error, filter not found : logback 
2020-08-21 10:40:15 ERROR [Class:c.a.d.f.FilterManager->Thread:main] load filter error, filter not found : logback 
2020-08-21 10:41:07 ERROR [Class:c.a.d.f.FilterManager->Thread:main] load filter error, filter not found : logback 
2020-08-21 11:32:54 ERROR [Class:c.a.d.f.FilterManager->Thread:main] load filter error, filter not found : logback 
